This is pdfTeX, Version 3.14159265-2.6-1.40.20 (TeX Live 2019/Arch Linux) (preloaded format=latex 2019.12.30)  19 JAN 2020 13:52
entering extended mode
 restricted \write18 enabled.
 %&-line parsing enabled.
**wstep.tex
(./wstep.tex
LaTeX2e <2019-10-01> patch level 1
! Undefined control sequence.
l.1 \section
            {Cel Projektu}
? X
 
Here is how much of TeX's memory you used:
 5 strings out of 492168
 130 string characters out of 6131583
 59013 words of memory out of 5000000
 4468 multiletter control sequences out of 15000+600000
 3640 words of font info for 14 fonts, out of 8000000 for 9000
 1141 hyphenation exceptions out of 8191
 5i,0n,1p,36b,8s stack positions out of 5000i,500n,10000p,200000b,80000s
No pages of output.
